\BOOKMARK [1][-]{section.1}{\376\377\000E\000x\000e\000r\000c\000\355\000c\000i\000o\000\040\0001}{}% 1
\BOOKMARK [2][-]{subsection.1.1}{\376\377\000P\000a\000r\000t\000e\000\040\000\050\000a\000\051}{section.1}% 2
\BOOKMARK [2][-]{subsection.1.2}{\376\377\000P\000a\000r\000t\000e\000\040\000\050\000B\000\051}{section.1}% 3
\BOOKMARK [1][-]{section.2}{\376\377\000E\000x\000e\000r\000c\000\355\000c\000i\000o\000\040\0002}{}% 4
\BOOKMARK [1][-]{section.3}{\376\377\000E\000x\000e\000r\000c\000\355\000c\000i\000o\000\040\0003}{}% 5
\BOOKMARK [1][-]{section.4}{\376\377\000E\000x\000e\000r\000c\000\355\000c\000i\000o\000\040\0004}{}% 6
\BOOKMARK [2][-]{subsection.4.1}{\376\377\000P\000a\000r\000t\000e\000\040\000\050\000a\000\051}{section.4}% 7
\BOOKMARK [3][-]{subsubsection.4.1.1}{\376\377\000C\000\341\000l\000c\000u\000l\000o\000\040\000d\000e\000\040\000\040\000a\000i\000j\000\040}{subsection.4.1}% 8
\BOOKMARK [3][-]{subsubsection.4.1.2}{\376\377\000C\000\341\000l\000c\000u\000l\000o\000\040\000d\000e\000\040\000\040\000f\000i\000\040}{subsection.4.1}% 9
\BOOKMARK [1][-]{section.5}{\376\377\000E\000x\000e\000r\000c\000\355\000c\000i\000o\000\040\0005}{}% 10
\BOOKMARK [2][-]{subsection.5.1}{\376\377\000P\000a\000r\000t\000e\000\040\000\050\000a\000\051}{section.5}% 11
\BOOKMARK [2][-]{subsection.5.2}{\376\377\000P\000a\000r\000t\000e\000\040\000\050\000b\000\051}{section.5}% 12
\BOOKMARK [2][-]{subsection.5.3}{\376\377\000P\000a\000r\000t\000e\000\040\000\050\000c\000\051}{section.5}% 13
\BOOKMARK [1][-]{section.6}{\376\377\000E\000x\000e\000r\000c\000\355\000c\000i\000o\000\040\0006}{}% 14
\BOOKMARK [2][-]{subsection.6.1}{\376\377\000P\000a\000r\000t\000e\000\040\000\050\000a\000\051}{section.6}% 15
\BOOKMARK [2][-]{subsection.6.2}{\376\377\000P\000a\000r\000t\000e\000\040\000\050\000b\000\051}{section.6}% 16
\BOOKMARK [1][-]{section.7}{\376\377\000E\000x\000e\000r\000c\000\355\000c\000i\000o\000\040\0007}{}% 17
\BOOKMARK [2][-]{subsection.7.1}{\376\377\000P\000a\000r\000t\000e\000\040\000\050\000a\000\051}{section.7}% 18
\BOOKMARK [2][-]{subsection.7.2}{\376\377\000P\000a\000r\000t\000e\000\040\000\050\000b\000\051}{section.7}% 19
\BOOKMARK [2][-]{subsection.7.3}{\376\377\000P\000a\000r\000t\000e\000\040\000\050\000c\000\051}{section.7}% 20
\BOOKMARK [1][-]{section.8}{\376\377\000E\000x\000e\000r\000c\000\355\000c\000i\000o\000\040\0008}{}% 21
\BOOKMARK [1][-]{section.9}{\376\377\000E\000x\000e\000r\000c\000\355\000c\000i\000o\000\040\0009}{}% 22
\BOOKMARK [2][-]{subsection.9.1}{\376\377\000P\000a\000r\000t\000e\000\040\000\050\000a\000\051}{section.9}% 23
\BOOKMARK [2][-]{subsection.9.2}{\376\377\000P\000a\000r\000t\000e\000\040\000\050\000b\000\051}{section.9}% 24
\BOOKMARK [1][-]{section.10}{\376\377\000E\000x\000e\000r\000c\000\355\000c\000i\000o\000\040\0001\0000}{}% 25
\BOOKMARK [1][-]{section.11}{\376\377\000E\000x\000e\000r\000c\000\355\000c\000i\000o\000\040\0001\0001}{}% 26
\BOOKMARK [2][-]{subsection.11.1}{\376\377\000P\000a\000r\000t\000e\000\040\000\050\000b\000\051}{section.11}% 27
\BOOKMARK [2][-]{subsection.11.2}{\376\377\000P\000a\000r\000t\000e\000\040\000\050\000b\000\051}{section.11}% 28
\BOOKMARK [1][-]{section.12}{\376\377\000E\000x\000e\000r\000c\000\355\000c\000i\000o\000\040\0001\0002}{}% 29
\BOOKMARK [1][-]{section.13}{\376\377\000E\000x\000e\000r\000c\000\355\000c\000i\000o\000\040\0001\0003}{}% 30
