This is pdfTeX, Version 3.141592653-2.6-1.40.26 (TeX Live 2024) (preloaded format=pdflatex 2024.6.26)  27 JUN 2024 00:08
entering extended mode
 restricted \write18 enabled.
 file:line:error style messages enabled.
 %&-line parsing enabled.
**"/Users/bertone/Coding/finite-elements/latex trabalho/Trabalho Elementos Finitos.tex"
(/Users/bertone/Coding/finite-elements/latex trabalho/Trabalho Elementos Finitos.tex
LaTeX2e <2023-11-01> patch level 1
L3 programming layer <2024-02-20>
(/usr/local/texlive/2024/texmf-dist/tex/latex/base/article.cls
Document Class: article 2023/05/17 v1.4n Standard LaTeX document class
(/usr/local/texlive/2024/texmf-dist/tex/latex/base/size10.clo
File: size10.clo 2023/05/17 v1.4n Standard LaTeX file (size option)
)
\c@part=\count188
\c@section=\count189
\c@subsection=\count190
\c@subsubsection=\count191
\c@paragraph=\count192
\c@subparagraph=\count193
\c@figure=\count194
\c@table=\count195
\abovecaptionskip=\skip48
\belowcaptionskip=\skip49
\bibindent=\dimen140
) (/usr/local/texlive/2024/texmf-dist/tex/latex/amsmath/amsmath.sty
Package: amsmath 2023/05/13 v2.17o AMS math features
\@mathmargin=\skip50

For additional information on amsmath, use the `?' option.
(/usr/local/texlive/2024/texmf-dist/tex/latex/amsmath/amstext.sty
Package: amstext 2021/08/26 v2.01 AMS text
 (/usr/local/texlive/2024/texmf-dist/tex/latex/amsmath/amsgen.sty
File: amsgen.sty 1999/11/30 v2.0 generic functions
\@emptytoks=\toks17
\ex@=\dimen141
)) (/usr/local/texlive/2024/texmf-dist/tex/latex/amsmath/amsbsy.sty
Package: amsbsy 1999/11/29 v1.2d Bold Symbols
\pmbraise@=\dimen142
) (/usr/local/texlive/2024/texmf-dist/tex/latex/amsmath/amsopn.sty
Package: amsopn 2022/04/08 v2.04 operator names
)
\inf@bad=\count196
LaTeX Info: Redefining \frac on input line 234.
\uproot@=\count197
\leftroot@=\count198
LaTeX Info: Redefining \overline on input line 399.
LaTeX Info: Redefining \colon on input line 410.
\classnum@=\count199
\DOTSCASE@=\count266
LaTeX Info: Redefining \ldots on input line 496.
LaTeX Info: Redefining \dots on input line 499.
LaTeX Info: Redefining \cdots on input line 620.
\Mathstrutbox@=\box51
\strutbox@=\box52
LaTeX Info: Redefining \big on input line 722.
LaTeX Info: Redefining \Big on input line 723.
LaTeX Info: Redefining \bigg on input line 724.
LaTeX Info: Redefining \Bigg on input line 725.
\big@size=\dimen143
LaTeX Font Info:    Redeclaring font encoding OML on input line 743.
LaTeX Font Info:    Redeclaring font encoding OMS on input line 744.
\macc@depth=\count267
LaTeX Info: Redefining \bmod on input line 905.
LaTeX Info: Redefining \pmod on input line 910.
LaTeX Info: Redefining \smash on input line 940.
LaTeX Info: Redefining \relbar on input line 970.
LaTeX Info: Redefining \Relbar on input line 971.
\c@MaxMatrixCols=\count268
\dotsspace@=\muskip16
\c@parentequation=\count269
\dspbrk@lvl=\count270
\tag@help=\toks18
\row@=\count271
\column@=\count272
\maxfields@=\count273
\andhelp@=\toks19
\eqnshift@=\dimen144
\alignsep@=\dimen145
\tagshift@=\dimen146
\tagwidth@=\dimen147
\totwidth@=\dimen148
\lineht@=\dimen149
\@envbody=\toks20
\multlinegap=\skip51
\multlinetaggap=\skip52
\mathdisplay@stack=\toks21
LaTeX Info: Redefining \[ on input line 2953.
LaTeX Info: Redefining \] on input line 2954.
) (/usr/local/texlive/2024/texmf-dist/tex/latex/amsfonts/amsfonts.sty
Package: amsfonts 2013/01/14 v3.01 Basic AMSFonts support
\symAMSa=\mathgroup4
\symAMSb=\mathgroup5
LaTeX Font Info:    Redeclaring math symbol \hbar on input line 98.
LaTeX Font Info:    Overwriting math alphabet `\mathfrak' in version `bold'
(Font)                  U/euf/m/n --> U/euf/b/n on input line 106.
) (/usr/local/texlive/2024/texmf-dist/tex/latex/tools/multicol.sty
Package: multicol 2023/03/30 v1.9f multicolumn formatting (FMi)
\c@tracingmulticols=\count274
\mult@box=\box53
\multicol@leftmargin=\dimen150
\c@unbalance=\count275
\c@collectmore=\count276
\doublecol@number=\count277
\multicoltolerance=\count278
\multicolpretolerance=\count279
\full@width=\dimen151
\page@free=\dimen152
\premulticols=\dimen153
\postmulticols=\dimen154
\multicolsep=\skip53
\multicolbaselineskip=\skip54
\partial@page=\box54
\last@line=\box55
\mc@boxedresult=\box56
\maxbalancingoverflow=\dimen155
\mult@rightbox=\box57
\mult@grightbox=\box58
\mult@firstbox=\box59
\mult@gfirstbox=\box60
\@tempa=\box61
\@tempa=\box62
\@tempa=\box63
\@tempa=\box64
\@tempa=\box65
\@tempa=\box66
\@tempa=\box67
\@tempa=\box68
\@tempa=\box69
\@tempa=\box70
\@tempa=\box71
\@tempa=\box72
\@tempa=\box73
\@tempa=\box74
\@tempa=\box75
\@tempa=\box76
\@tempa=\box77
\@tempa=\box78
\@tempa=\box79
\@tempa=\box80
\@tempa=\box81
\@tempa=\box82
\@tempa=\box83
\@tempa=\box84
\@tempa=\box85
\@tempa=\box86
\@tempa=\box87
\@tempa=\box88
\@tempa=\box89
\@tempa=\box90
\@tempa=\box91
\@tempa=\box92
\@tempa=\box93
\@tempa=\box94
\@tempa=\box95
\@tempa=\box96
\c@minrows=\count280
\c@columnbadness=\count281
\c@finalcolumnbadness=\count282
\last@try=\dimen156
\multicolovershoot=\dimen157
\multicolundershoot=\dimen158
\mult@nat@firstbox=\box97
\colbreak@box=\box98
\mc@col@check@num=\count283
) (/usr/local/texlive/2024/texmf-dist/tex/latex/graphics/graphicx.sty
Package: graphicx 2021/09/16 v1.2d Enhanced LaTeX Graphics (DPC,SPQR)
 (/usr/local/texlive/2024/texmf-dist/tex/latex/graphics/keyval.sty
Package: keyval 2022/05/29 v1.15 key=value parser (DPC)
\KV@toks@=\toks22
) (/usr/local/texlive/2024/texmf-dist/tex/latex/graphics/graphics.sty
Package: graphics 2022/03/10 v1.4e Standard LaTeX Graphics (DPC,SPQR)
 (/usr/local/texlive/2024/texmf-dist/tex/latex/graphics/trig.sty
Package: trig 2021/08/11 v1.11 sin cos tan (DPC)
) (/usr/local/texlive/2024/texmf-dist/tex/latex/graphics-cfg/graphics.cfg
File: graphics.cfg 2016/06/04 v1.11 sample graphics configuration
)
Package graphics Info: Driver file: pdftex.def on input line 107.
 (/usr/local/texlive/2024/texmf-dist/tex/latex/graphics-def/pdftex.def
File: pdftex.def 2022/09/22 v1.2b Graphics/color driver for pdftex
))
\Gin@req@height=\dimen159
\Gin@req@width=\dimen160
) (/usr/local/texlive/2024/texmf-dist/tex/latex/caption/subcaption.sty
Package: subcaption 2023/07/28 v1.6b Sub-captions (AR)
 (/usr/local/texlive/2024/texmf-dist/tex/latex/caption/caption.sty
Package: caption 2023/08/05 v3.6o Customizing captions (AR)
 (/usr/local/texlive/2024/texmf-dist/tex/latex/caption/caption3.sty
Package: caption3 2023/07/31 v2.4d caption3 kernel (AR)
\caption@tempdima=\dimen161
\captionmargin=\dimen162
\caption@leftmargin=\dimen163
\caption@rightmargin=\dimen164
\caption@width=\dimen165
\caption@indent=\dimen166
\caption@parindent=\dimen167
\caption@hangindent=\dimen168
Package caption Info: Standard document class detected.
)
\c@caption@flags=\count284
\c@continuedfloat=\count285
)
Package caption Info: New subtype `subfigure' on input line 238.
\c@subfigure=\count286
Package caption Info: New subtype `subtable' on input line 238.
\c@subtable=\count287
) (/usr/local/texlive/2024/texmf-dist/tex/latex/hyperref/hyperref.sty
Package: hyperref 2024-01-20 v7.01h Hypertext links for LaTeX
 (/usr/local/texlive/2024/texmf-dist/tex/generic/iftex/iftex.sty
Package: iftex 2022/02/03 v1.0f TeX engine tests
) (/usr/local/texlive/2024/texmf-dist/tex/latex/kvsetkeys/kvsetkeys.sty
Package: kvsetkeys 2022-10-05 v1.19 Key value parser (HO)
) (/usr/local/texlive/2024/texmf-dist/tex/generic/kvdefinekeys/kvdefinekeys.sty
Package: kvdefinekeys 2019-12-19 v1.6 Define keys (HO)
) (/usr/local/texlive/2024/texmf-dist/tex/generic/pdfescape/pdfescape.sty
Package: pdfescape 2019/12/09 v1.15 Implements pdfTeX's escape features (HO)
 (/usr/local/texlive/2024/texmf-dist/tex/generic/ltxcmds/ltxcmds.sty
Package: ltxcmds 2023-12-04 v1.26 LaTeX kernel commands for general use (HO)
) (/usr/local/texlive/2024/texmf-dist/tex/generic/pdftexcmds/pdftexcmds.sty
Package: pdftexcmds 2020-06-27 v0.33 Utility functions of pdfTeX for LuaTeX (HO)
 (/usr/local/texlive/2024/texmf-dist/tex/generic/infwarerr/infwarerr.sty
Package: infwarerr 2019/12/03 v1.5 Providing info/warning/error messages (HO)
)
Package pdftexcmds Info: \pdf@primitive is available.
Package pdftexcmds Info: \pdf@ifprimitive is available.
Package pdftexcmds Info: \pdfdraftmode found.
)) (/usr/local/texlive/2024/texmf-dist/tex/latex/hycolor/hycolor.sty
Package: hycolor 2020-01-27 v1.10 Color options for hyperref/bookmark (HO)
) (/usr/local/texlive/2024/texmf-dist/tex/latex/auxhook/auxhook.sty
Package: auxhook 2019-12-17 v1.6 Hooks for auxiliary files (HO)
) (/usr/local/texlive/2024/texmf-dist/tex/latex/hyperref/nameref.sty
Package: nameref 2023-11-26 v2.56 Cross-referencing by name of section
 (/usr/local/texlive/2024/texmf-dist/tex/latex/refcount/refcount.sty
Package: refcount 2019/12/15 v3.6 Data extraction from label references (HO)
) (/usr/local/texlive/2024/texmf-dist/tex/generic/gettitlestring/gettitlestring.sty
Package: gettitlestring 2019/12/15 v1.6 Cleanup title references (HO)
 (/usr/local/texlive/2024/texmf-dist/tex/latex/kvoptions/kvoptions.sty
Package: kvoptions 2022-06-15 v3.15 Key value format for package options (HO)
))
\c@section@level=\count288
) (/usr/local/texlive/2024/texmf-dist/tex/latex/etoolbox/etoolbox.sty
Package: etoolbox 2020/10/05 v2.5k e-TeX tools for LaTeX (JAW)
\etb@tempcnta=\count289
)
\@linkdim=\dimen169
\Hy@linkcounter=\count290
\Hy@pagecounter=\count291
 (/usr/local/texlive/2024/texmf-dist/tex/latex/hyperref/pd1enc.def
File: pd1enc.def 2024-01-20 v7.01h Hyperref: PDFDocEncoding definition (HO)
Now handling font encoding PD1 ...
... no UTF-8 mapping file for font encoding PD1
) (/usr/local/texlive/2024/texmf-dist/tex/generic/intcalc/intcalc.sty
Package: intcalc 2019/12/15 v1.3 Expandable calculations with integers (HO)
)
\Hy@SavedSpaceFactor=\count292
 (/usr/local/texlive/2024/texmf-dist/tex/latex/hyperref/puenc.def
File: puenc.def 2024-01-20 v7.01h Hyperref: PDF Unicode definition (HO)
Now handling font encoding PU ...
... no UTF-8 mapping file for font encoding PU
)
Package hyperref Info: Hyper figures OFF on input line 4179.
Package hyperref Info: Link nesting OFF on input line 4184.
Package hyperref Info: Hyper index ON on input line 4187.
Package hyperref Info: Plain pages OFF on input line 4194.
Package hyperref Info: Backreferencing OFF on input line 4199.
Package hyperref Info: Implicit mode ON; LaTeX internals redefined.
Package hyperref Info: Bookmarks ON on input line 4446.
\c@Hy@tempcnt=\count293
 (/usr/local/texlive/2024/texmf-dist/tex/latex/url/url.sty
\Urlmuskip=\muskip17
Package: url 2013/09/16  ver 3.4  Verb mode for urls, etc.
)
LaTeX Info: Redefining \url on input line 4784.
\XeTeXLinkMargin=\dimen170
 (/usr/local/texlive/2024/texmf-dist/tex/generic/bitset/bitset.sty
Package: bitset 2019/12/09 v1.3 Handle bit-vector datatype (HO)
 (/usr/local/texlive/2024/texmf-dist/tex/generic/bigintcalc/bigintcalc.sty
Package: bigintcalc 2019/12/15 v1.5 Expandable calculations on big integers (HO)
))
\Fld@menulength=\count294
\Field@Width=\dimen171
\Fld@charsize=\dimen172
Package hyperref Info: Hyper figures OFF on input line 6063.
Package hyperref Info: Link nesting OFF on input line 6068.
Package hyperref Info: Hyper index ON on input line 6071.
Package hyperref Info: backreferencing OFF on input line 6078.
Package hyperref Info: Link coloring OFF on input line 6083.
Package hyperref Info: Link coloring with OCG OFF on input line 6088.
Package hyperref Info: PDF/A mode OFF on input line 6093.
 (/usr/local/texlive/2024/texmf-dist/tex/latex/base/atbegshi-ltx.sty
Package: atbegshi-ltx 2021/01/10 v1.0c Emulation of the original atbegshi
package with kernel methods
)
\Hy@abspage=\count295
\c@Item=\count296
\c@Hfootnote=\count297
)
Package hyperref Info: Driver (autodetected): hpdftex.
 (/usr/local/texlive/2024/texmf-dist/tex/latex/hyperref/hpdftex.def
File: hpdftex.def 2024-01-20 v7.01h Hyperref driver for pdfTeX
 (/usr/local/texlive/2024/texmf-dist/tex/latex/base/atveryend-ltx.sty
Package: atveryend-ltx 2020/08/19 v1.0a Emulation of the original atveryend package
with kernel methods
)
\Fld@listcount=\count298
\c@bookmark@seq@number=\count299
 (/usr/local/texlive/2024/texmf-dist/tex/latex/rerunfilecheck/rerunfilecheck.sty
Package: rerunfilecheck 2022-07-10 v1.10 Rerun checks for auxiliary files (HO)
 (/usr/local/texlive/2024/texmf-dist/tex/generic/uniquecounter/uniquecounter.sty
Package: uniquecounter 2019/12/15 v1.4 Provide unlimited unique counter (HO)
)
Package uniquecounter Info: New unique counter `rerunfilecheck' on input line 285.
)
\Hy@SectionHShift=\skip55
) (/usr/local/texlive/2024/texmf-dist/tex/latex/base/inputenc.sty
Package: inputenc 2021/02/14 v1.3d Input encoding file
\inpenc@prehook=\toks23
\inpenc@posthook=\toks24
) (/usr/local/texlive/2024/texmf-dist/tex/latex/setspace/setspace.sty
Package: setspace 2022/12/04 v6.7b set line spacing
) (/usr/local/texlive/2024/texmf-dist/tex/latex/tools/indentfirst.sty
Package: indentfirst 2023/07/02 v1.03 Indent first paragraph (DPC)
) (/usr/local/texlive/2024/texmf-dist/tex/latex/l3backend/l3backend-pdftex.def
File: l3backend-pdftex.def 2024-02-20 L3 backend support: PDF output (pdfTeX)
\l__color_backend_stack_int=\count300
\l__pdf_internal_box=\box99
) (./Trabalho Elementos Finitos.aux)
\openout1 = `"Trabalho Elementos Finitos.aux"'.

LaTeX Font Info:    Checking defaults for OML/cmm/m/it on input line 16.
LaTeX Font Info:    ... okay on input line 16.
LaTeX Font Info:    Checking defaults for OMS/cmsy/m/n on input line 16.
LaTeX Font Info:    ... okay on input line 16.
LaTeX Font Info:    Checking defaults for OT1/cmr/m/n on input line 16.
LaTeX Font Info:    ... okay on input line 16.
LaTeX Font Info:    Checking defaults for T1/cmr/m/n on input line 16.
LaTeX Font Info:    ... okay on input line 16.
LaTeX Font Info:    Checking defaults for TS1/cmr/m/n on input line 16.
LaTeX Font Info:    ... okay on input line 16.
LaTeX Font Info:    Checking defaults for OMX/cmex/m/n on input line 16.
LaTeX Font Info:    ... okay on input line 16.
LaTeX Font Info:    Checking defaults for U/cmr/m/n on input line 16.
LaTeX Font Info:    ... okay on input line 16.
LaTeX Font Info:    Checking defaults for PD1/pdf/m/n on input line 16.
LaTeX Font Info:    ... okay on input line 16.
LaTeX Font Info:    Checking defaults for PU/pdf/m/n on input line 16.
LaTeX Font Info:    ... okay on input line 16.
 (/usr/local/texlive/2024/texmf-dist/tex/context/base/mkii/supp-pdf.mkii
[Loading MPS to PDF converter (version 2006.09.02).]
\scratchcounter=\count301
\scratchdimen=\dimen173
\scratchbox=\box100
\nofMPsegments=\count302
\nofMParguments=\count303
\everyMPshowfont=\toks25
\MPscratchCnt=\count304
\MPscratchDim=\dimen174
\MPnumerator=\count305
\makeMPintoPDFobject=\count306
\everyMPtoPDFconversion=\toks26
) (/usr/local/texlive/2024/texmf-dist/tex/latex/epstopdf-pkg/epstopdf-base.sty
Package: epstopdf-base 2020-01-24 v2.11 Base part for package epstopdf
Package epstopdf-base Info: Redefining graphics rule for `.eps' on input line 485.
 (/usr/local/texlive/2024/texmf-dist/tex/latex/latexconfig/epstopdf-sys.cfg
File: epstopdf-sys.cfg 2010/07/13 v1.3 Configuration of (r)epstopdf for TeX Live
))
Package caption Info: Begin \AtBeginDocument code.
Package caption Info: hyperref package is loaded.
Package caption Info: End \AtBeginDocument code.
Package hyperref Info: Link coloring OFF on input line 16.
 (./Trabalho Elementos Finitos.out) (./Trabalho Elementos Finitos.out)
\@outlinefile=\write3
\openout3 = `"Trabalho Elementos Finitos.out"'.

 [1

{/usr/local/texlive/2024/texmf-var/fonts/map/pdftex/updmap/pdftex.map}]
LaTeX Font Info:    Trying to load font information for U+msa on input line 49.
 (/usr/local/texlive/2024/texmf-dist/tex/latex/amsfonts/umsa.fd
File: umsa.fd 2013/01/14 v3.01 AMS symbols A
)
LaTeX Font Info:    Trying to load font information for U+msb on input line 49.
 (/usr/local/texlive/2024/texmf-dist/tex/latex/amsfonts/umsb.fd
File: umsb.fd 2013/01/14 v3.01 AMS symbols B
)
pdfTeX warning (ext4): destination with the same identifier (name{page.1}) has been already used, duplicate ignored
<to be read again> 
                   \relax 
l.114 \]
         [1] [2]
<../images/exercicio123_solucao.png, id=149, 1156.32pt x 1156.32pt>
File: ../images/exercicio123_solucao.png Graphic file (type png)
<use ../images/exercicio123_solucao.png>
Package pdftex.def Info: ../images/exercicio123_solucao.png  used on input line 244.
(pdftex.def)             Requested size: 345.0pt x 344.99312pt.
 [3]
<../images/exercicio123_derivadas_solucao.png, id=156, 1156.32pt x 1156.32pt>
File: ../images/exercicio123_derivadas_solucao.png Graphic file (type png)
<use ../images/exercicio123_derivadas_solucao.png>
Package pdftex.def Info: ../images/exercicio123_derivadas_solucao.png  used on input line 249.
(pdftex.def)             Requested size: 345.0pt x 344.99312pt.
 [4 <../images/exercicio123_solucao.png>]

Package hyperref Warning: Token not allowed in a PDF string (Unicode):
(hyperref)                removing `math shift' on input line 258.


Package hyperref Warning: Token not allowed in a PDF string (Unicode):
(hyperref)                removing `subscript' on input line 258.

[5 <../images/exercicio123_derivadas_solucao.png>]

Package hyperref Warning: Token not allowed in a PDF string (Unicode):
(hyperref)                removing `math shift' on input line 310.


Package hyperref Warning: Token not allowed in a PDF string (Unicode):
(hyperref)                removing `subscript' on input line 310.

<../images/exercicio4.png, id=167, 722.7pt x 1084.05pt>
File: ../images/exercicio4.png Graphic file (type png)
<use ../images/exercicio4.png>
Package pdftex.def Info: ../images/exercicio4.png  used on input line 319.
(pdftex.def)             Requested size: 345.0pt x 517.493pt.
[6] [7 <../images/exercicio4.png>] [8] [9]
<../images/exercicio5.png, id=187, 722.7pt x 1084.05pt>
File: ../images/exercicio5.png Graphic file (type png)
<use ../images/exercicio5.png>
Package pdftex.def Info: ../images/exercicio5.png  used on input line 473.
(pdftex.def)             Requested size: 345.0pt x 517.493pt.
 [10] [11 <../images/exercicio5.png>]
<../images/exercicio6_seno.png, id=197, 462.528pt x 346.896pt>
File: ../images/exercicio6_seno.png Graphic file (type png)
<use ../images/exercicio6_seno.png>
Package pdftex.def Info: ../images/exercicio6_seno.png  used on input line 518.
(pdftex.def)             Requested size: 345.0pt x 258.76335pt.
 [12]
<../images/exercicio6_polinomio.png, id=205, 462.528pt x 346.896pt>
File: ../images/exercicio6_polinomio.png Graphic file (type png)
<use ../images/exercicio6_polinomio.png>
Package pdftex.def Info: ../images/exercicio6_polinomio.png  used on input line 523.
(pdftex.def)             Requested size: 345.0pt x 258.76335pt.
 [13 <../images/exercicio6_seno.png>] [14 <../images/exercicio6_polinomio.png>]
Overfull \hbox (9.33752pt too wide) detected at line 549
\OML/cmm/m/it/10 J\OT1/cmr/m/n/10 [\OML/cmm/m/it/10 v \OT1/cmr/m/n/10 + \OML/cmm/m/it/10 ^^O^^Q\OT1/cmr/m/n/10 ] = [] [][] [] \OML/cmm/m/it/10 dx \OMS/cmsy/m/n/10 ^^@ [][]\OT1/cmr/m/n/10 (\OML/cmm/m/it/10 v \OT1/cmr/m/n/10 + \OML/cmm/m/it/10 ^^O^^Q\OT1/cmr/m/n/10 )\OML/cmm/m/it/10 dx:
 []


Overfull \hbox (21.4874pt too wide) detected at line 586
\OML/cmm/m/it/10 J\OT1/cmr/m/n/10 [\OML/cmm/m/it/10 u \OT1/cmr/m/n/10 + \OML/cmm/m/it/10 w\OT1/cmr/m/n/10 ] = [] [][] [] \OML/cmm/m/it/10 dx \OMS/cmsy/m/n/10 ^^@ [][] \OML/cmm/m/it/10 udx \OMS/cmsy/m/n/10 ^^@ [][] \OML/cmm/m/it/10 wdx:
 []


Overfull \hbox (83.03334pt too wide) detected at line 591
\OML/cmm/m/it/10 J\OT1/cmr/m/n/10 [\OML/cmm/m/it/10 u \OT1/cmr/m/n/10 + \OML/cmm/m/it/10 w\OT1/cmr/m/n/10 ] = [] [][] [] \OML/cmm/m/it/10 dx \OT1/cmr/m/n/10 + [] [][] [] \OML/cmm/m/it/10 dx \OT1/cmr/m/n/10 + [][] [] \OML/cmm/m/it/10 dx \OMS/cmsy/m/n/10 ^^@ [][] \OML/cmm/m/it/10 udx \OMS/cmsy/m/n/10 ^^@ [][] \OML/cmm/m/it/10 wdx:
 []

[15]
Overfull \hbox (26.9336pt too wide) detected at line 606
\OML/cmm/m/it/10 J\OT1/cmr/m/n/10 [\OML/cmm/m/it/10 u \OT1/cmr/m/n/10 + \OML/cmm/m/it/10 w\OT1/cmr/m/n/10 ] = [] [][] [] \OML/cmm/m/it/10 dx \OT1/cmr/m/n/10 + [] [][] [] \OML/cmm/m/it/10 dx \OT1/cmr/m/n/10 + [][] \OML/cmm/m/it/10 wdx \OMS/cmsy/m/n/10 ^^@ [][] \OML/cmm/m/it/10 udx \OMS/cmsy/m/n/10 ^^@ [][] \OML/cmm/m/it/10 wdx:
 []

[16] [17]
<../images/exercicio8_alpha_grande.png, id=229, 462.528pt x 346.896pt>
File: ../images/exercicio8_alpha_grande.png Graphic file (type png)
<use ../images/exercicio8_alpha_grande.png>
Package pdftex.def Info: ../images/exercicio8_alpha_grande.png  used on input line 732.
(pdftex.def)             Requested size: 345.0pt x 258.76335pt.
<../images/exercicio8_alpha_pequeno.png, id=230, 462.528pt x 346.896pt>
File: ../images/exercicio8_alpha_pequeno.png Graphic file (type png)
<use ../images/exercicio8_alpha_pequeno.png>
Package pdftex.def Info: ../images/exercicio8_alpha_pequeno.png  used on input line 741.
(pdftex.def)             Requested size: 345.0pt x 258.76335pt.
 [18 <../images/exercicio8_alpha_grande.png>]
Overfull \hbox (12.83456pt too wide) detected at line 750
\OML/cmm/m/it/10 J\OT1/cmr/m/n/10 [\OML/cmm/m/it/10 u \OT1/cmr/m/n/10 + \OML/cmm/m/it/10 ^^O^^Q\OT1/cmr/m/n/10 ] = [] [][] [] \OML/cmm/m/it/10 d\OT1/cmr/m/n/10 
 \OMS/cmsy/m/n/10 ^^@ [][] \OML/cmm/m/it/10 f\OT1/cmr/m/n/10 (\OML/cmm/m/it/10 u \OT1/cmr/m/n/10 + \OML/cmm/m/it/10 ^^O^^Q\OT1/cmr/m/n/10 )\OML/cmm/m/it/10 d\OT1/cmr/m/n/10 
 \OMS/cmsy/m/n/10 ^^@ [][] \OML/cmm/m/it/10 g\OT1/cmr/m/n/10 (\OML/cmm/m/it/10 u \OT1/cmr/m/n/10 + \OML/cmm/m/it/10 ^^O^^Q\OT1/cmr/m/n/10 )\OML/cmm/m/it/10 d\OT1/cmr/m/n/10 ^^@\OML/cmm/m/it/10 :
 []


Overfull \hbox (133.21655pt too wide) detected at line 755
\OML/cmm/m/it/10 J\OT1/cmr/m/n/10 [\OML/cmm/m/it/10 u \OT1/cmr/m/n/10 + \OML/cmm/m/it/10 ^^O^^Q\OT1/cmr/m/n/10 ] = [] [][] [] \OML/cmm/m/it/10 d\OT1/cmr/m/n/10 
 \OMS/cmsy/m/n/10 ^^@ [][] \OML/cmm/m/it/10 f\OT1/cmr/m/n/10 (\OML/cmm/m/it/10 u \OT1/cmr/m/n/10 + \OML/cmm/m/it/10 ^^O^^Q\OT1/cmr/m/n/10 )\OML/cmm/m/it/10 d\OT1/cmr/m/n/10 
 \OMS/cmsy/m/n/10 ^^@ [][] \OML/cmm/m/it/10 g\OT1/cmr/m/n/10 (\OML/cmm/m/it/10 u \OT1/cmr/m/n/10 + \OML/cmm/m/it/10 ^^O^^Q\OT1/cmr/m/n/10 )\OML/cmm/m/it/10 d\OT1/cmr/m/n/10 ^^@\OML/cmm/m/it/10 :
 []

[19 <../images/exercicio8_alpha_pequeno.png>]
<../images/exercicio10.png, id=242, 867.24pt x 578.16pt>
File: ../images/exercicio10.png Graphic file (type png)
<use ../images/exercicio10.png>
Package pdftex.def Info: ../images/exercicio10.png  used on input line 828.
(pdftex.def)             Requested size: 345.0pt x 229.99835pt.
 [20]
Overfull \hbox (71.3202pt too wide) detected at line 852
\OML/cmm/m/it/10 K[] \OT1/cmr/m/n/10 = [][](\OML/cmm/m/it/10 ^^^[]^^^[] \OT1/cmr/m/n/10 + \OML/cmm/m/it/10 ^^M^^^[]^^^[]\OT1/cmr/m/n/10 ) \OML/cmm/m/it/10 dx \OT1/cmr/m/n/10 = [][](\OML/cmm/m/it/10 \OT1/cmr/m/n/10 (\OMS/cmsy/m/n/10 ^^@\OT1/cmr/m/n/10 1)(\OMS/cmsy/m/n/10 ^^@\OT1/cmr/m/n/10 1) + \OML/cmm/m/it/10 ^^M\OT1/cmr/m/n/10 (1 \OMS/cmsy/m/n/10 ^^@ \OML/cmm/m/it/10 x\OT1/cmr/m/n/10 )[]) \OML/cmm/m/it/10 dx \OT1/cmr/m/n/10 = \OML/cmm/m/it/10  [][] \OT1/cmr/m/n/10 1 \OML/cmm/m/it/10 dx \OT1/cmr/m/n/10 + \OML/cmm/m/it/10 ^^M [][]\OT1/cmr/m/n/10 (1 \OMS/cmsy/m/n/10 ^^@ \OT1/cmr/m/n/10 2\OML/cmm/m/it/10 x \OT1/cmr/m/n/10 + \OML/cmm/m/it/10 x[]\OT1/cmr/m/n/10 ) \OML/cmm/m/it/10 dx:
 []


Overfull \hbox (54.77151pt too wide) detected at line 860
\OML/cmm/m/it/10 K[] \OT1/cmr/m/n/10 = [][](\OML/cmm/m/it/10 ^^^[]^^^[] \OT1/cmr/m/n/10 + \OML/cmm/m/it/10 ^^M^^^[]^^^[]\OT1/cmr/m/n/10 ) \OML/cmm/m/it/10 dx \OT1/cmr/m/n/10 = [][](\OML/cmm/m/it/10 \OT1/cmr/m/n/10 (\OMS/cmsy/m/n/10 ^^@\OT1/cmr/m/n/10 1)(1) + \OML/cmm/m/it/10 ^^M\OT1/cmr/m/n/10 (1 \OMS/cmsy/m/n/10 ^^@ \OML/cmm/m/it/10 x\OT1/cmr/m/n/10 )\OML/cmm/m/it/10 x\OT1/cmr/m/n/10 ) \OML/cmm/m/it/10 dx \OT1/cmr/m/n/10 = \OMS/cmsy/m/n/10 ^^@\OML/cmm/m/it/10  [][] \OT1/cmr/m/n/10 1 \OML/cmm/m/it/10 dx \OT1/cmr/m/n/10 + \OML/cmm/m/it/10 ^^M [][]\OT1/cmr/m/n/10 (\OML/cmm/m/it/10 x \OMS/cmsy/m/n/10 ^^@ \OML/cmm/m/it/10 x[]\OT1/cmr/m/n/10 ) \OML/cmm/m/it/10 dx:
 []

[21 <../images/exercicio10.png>]
Overfull \hbox (35.1806pt too wide) detected at line 914
\OML/cmm/m/it/10 ^^^[]\OT1/cmr/m/n/10 (\OML/cmm/m/it/10 x\OT1/cmr/m/n/10 ) = 2(\OML/cmm/m/it/10 x \OMS/cmsy/m/n/10 ^^@ \OT1/cmr/m/n/10 0\OML/cmm/m/it/10 :\OT1/cmr/m/n/10 5)(\OML/cmm/m/it/10 x \OMS/cmsy/m/n/10 ^^@ \OT1/cmr/m/n/10 1)\OML/cmm/m/it/10 ;  ^^^[]\OT1/cmr/m/n/10 (\OML/cmm/m/it/10 x\OT1/cmr/m/n/10 ) = \OMS/cmsy/m/n/10 ^^@\OT1/cmr/m/n/10 4\OML/cmm/m/it/10 x\OT1/cmr/m/n/10 (\OML/cmm/m/it/10 x \OMS/cmsy/m/n/10 ^^@ \OT1/cmr/m/n/10 1)\OML/cmm/m/it/10 ;  ^^^[]\OT1/cmr/m/n/10 (\OML/cmm/m/it/10 x\OT1/cmr/m/n/10 ) = 2\OML/cmm/m/it/10 x\OT1/cmr/m/n/10 (\OML/cmm/m/it/10 x \OMS/cmsy/m/n/10 ^^@ \OT1/cmr/m/n/10 0\OML/cmm/m/it/10 :\OT1/cmr/m/n/10 5)\OML/cmm/m/it/10 ;  [] x \OMS/cmsy/m/n/10 2 \OT1/cmr/m/n/10 [0\OML/cmm/m/it/10 ; \OT1/cmr/m/n/10 1]\OML/cmm/m/it/10 :
 []


Overfull \hbox (107.62492pt too wide) detected at line 929
\OML/cmm/m/it/10 K \OT1/cmr/m/n/10 = []
 []

[22]
Overfull \hbox (113.44432pt too wide) detected at line 968
\OML/cmm/m/it/10 K[] \OT1/cmr/m/n/10 = [] \OML/cmm/m/it/10 :
 []

[23] [24] [25] (./Trabalho Elementos Finitos.aux)
 ***********
LaTeX2e <2023-11-01> patch level 1
L3 programming layer <2024-02-20>
 ***********
Package rerunfilecheck Info: File `"Trabalho Elementos Finitos".out' has not changed.
(rerunfilecheck)             Checksum: C618F7F1FF70275D1BB78972B8F450DE;3385.
 ) 
Here is how much of TeX's memory you used:
 10939 strings out of 474116
 176819 string characters out of 5743682
 1944187 words of memory out of 5000000
 33124 multiletter control sequences out of 15000+600000
 562810 words of font info for 54 fonts, out of 8000000 for 9000
 1141 hyphenation exceptions out of 8191
 75i,11n,79p,469b,532s stack positions out of 10000i,1000n,20000p,200000b,200000s
</usr/local/texlive/2024/texmf-dist/fonts/type1/public/amsfonts/cm/cmbx10.pfb></usr/local/texlive/2024/texmf-dist/fonts/type1/public/amsfonts/cm/cmbx12.pfb></usr/local/texlive/2024/texmf-dist/fonts/type1/public/amsfonts/cm/cmex10.pfb></usr/local/texlive/2024/texmf-dist/fonts/type1/public/amsfonts/cm/cmmi10.pfb></usr/local/texlive/2024/texmf-dist/fonts/type1/public/amsfonts/cm/cmmi5.pfb></usr/local/texlive/2024/texmf-dist/fonts/type1/public/amsfonts/cm/cmmi7.pfb></usr/local/texlive/2024/texmf-dist/fonts/type1/public/amsfonts/cm/cmr10.pfb></usr/local/texlive/2024/texmf-dist/fonts/type1/public/amsfonts/cm/cmr12.pfb></usr/local/texlive/2024/texmf-dist/fonts/type1/public/amsfonts/cm/cmr5.pfb></usr/local/texlive/2024/texmf-dist/fonts/type1/public/amsfonts/cm/cmr7.pfb></usr/local/texlive/2024/texmf-dist/fonts/type1/public/amsfonts/cm/cmr9.pfb></usr/local/texlive/2024/texmf-dist/fonts/type1/public/amsfonts/cm/cmsy10.pfb></usr/local/texlive/2024/texmf-dist/fonts/type1/public/amsfonts/cm/cmsy7.pfb></usr/local/texlive/2024/texmf-dist/fonts/type1/public/amsfonts/symbols/msbm10.pfb>
Output written on "Trabalho Elementos Finitos.pdf" (26 pages, 840333 bytes).
PDF statistics:
 344 PDF objects out of 1000 (max. 8388607)
 267 compressed objects within 3 object streams
 57 named destinations out of 1000 (max. 500000)
 286 words of extra memory for PDF output out of 10000 (max. 10000000)

